<?xml version="1.0" encoding="UTF-8"?>
<testsuite xmlns:xsi="http://www.w3.org/2001/XMLSchema-instance" xsi:noNamespaceSchemaLocation="https://maven.apache.org/surefire/maven-surefire-plugin/xsd/surefire-test-report.xsd" name="xyz.zwhzwhzwh.demo.DemoApplicationTests" time="3.617" tests="1" errors="0" skipped="0" failures="0">
  <properties>
    <property name="sun.desktop" value="windows"/>
    <property name="awt.toolkit" value="sun.awt.windows.WToolkit"/>
    <property name="file.encoding.pkg" value="sun.io"/>
    <property name="java.specification.version" value="1.8"/>
    <property name="sun.cpu.isalist" value="amd64"/>
    <property name="sun.jnu.encoding" value="GBK"/>
    <property name="java.class.path" value="F:\project\huiyou_backend\demo\target\test-classes;F:\project\huiyou_backend\demo\target\classes;D:\apache-maven-3.6.3-bin\maven_repo\org\springframework\boot\spring-boot-starter-data-mongodb\2.3.4.RELEASE\spring-boot-starter-data-mongodb-2.3.4.RELEASE.jar;D:\apache-maven-3.6.3-bin\maven_repo\org\springframework\boot\spring-boot-starter\2.3.4.RELEASE\spring-boot-starter-2.3.4.RELEASE.jar;D:\apache-maven-3.6.3-bin\maven_repo\org\springframework\boot\spring-boot\2.3.4.RELEASE\spring-boot-2.3.4.RELEASE.jar;D:\apache-maven-3.6.3-bin\maven_repo\org\springframework\boot\spring-boot-autoconfigure\2.3.4.RELEASE\spring-boot-autoconfigure-2.3.4.RELEASE.jar;D:\apache-maven-3.6.3-bin\maven_repo\org\springframework\boot\spring-boot-starter-logging\2.3.4.RELEASE\spring-boot-starter-logging-2.3.4.RELEASE.jar;D:\apache-maven-3.6.3-bin\maven_repo\ch\qos\logback\logback-classic\1.2.3\logback-classic-1.2.3.jar;D:\apache-maven-3.6.3-bin\maven_repo\ch\qos\logback\logback-core\1.2.3\logback-core-1.2.3.jar;D:\apache-maven-3.6.3-bin\maven_repo\org\apache\logging\log4j\log4j-to-slf4j\2.13.3\log4j-to-slf4j-2.13.3.jar;D:\apache-maven-3.6.3-bin\maven_repo\org\apache\logging\log4j\log4j-api\2.13.3\log4j-api-2.13.3.jar;D:\apache-maven-3.6.3-bin\maven_repo\org\slf4j\jul-to-slf4j\1.7.30\jul-to-slf4j-1.7.30.jar;D:\apache-maven-3.6.3-bin\maven_repo\jakarta\annotation\jakarta.annotation-api\1.3.5\jakarta.annotation-api-1.3.5.jar;D:\apache-maven-3.6.3-bin\maven_repo\org\yaml\snakeyaml\1.26\snakeyaml-1.26.jar;D:\apache-maven-3.6.3-bin\maven_repo\org\mongodb\mongodb-driver-sync\4.0.5\mongodb-driver-sync-4.0.5.jar;D:\apache-maven-3.6.3-bin\maven_repo\org\mongodb\bson\4.0.5\bson-4.0.5.jar;D:\apache-maven-3.6.3-bin\maven_repo\org\mongodb\mongodb-driver-core\4.0.5\mongodb-driver-core-4.0.5.jar;D:\apache-maven-3.6.3-bin\maven_repo\org\springframework\data\spring-data-mongodb\3.0.4.RELEASE\spring-data-mongodb-3.0.4.RELEASE.jar;D:\apache-maven-3.6.3-bin\maven_repo\org\springframework\spring-tx\5.2.9.RELEASE\spring-tx-5.2.9.RELEASE.jar;D:\apache-maven-3.6.3-bin\maven_repo\org\springframework\spring-context\5.2.9.RELEASE\spring-context-5.2.9.RELEASE.jar;D:\apache-maven-3.6.3-bin\maven_repo\org\springframework\spring-aop\5.2.9.RELEASE\spring-aop-5.2.9.RELEASE.jar;D:\apache-maven-3.6.3-bin\maven_repo\org\springframework\spring-beans\5.2.9.RELEASE\spring-beans-5.2.9.RELEASE.jar;D:\apache-maven-3.6.3-bin\maven_repo\org\springframework\spring-expression\5.2.9.RELEASE\spring-expression-5.2.9.RELEASE.jar;D:\apache-maven-3.6.3-bin\maven_repo\org\springframework\data\spring-data-commons\2.3.4.RELEASE\spring-data-commons-2.3.4.RELEASE.jar;D:\apache-maven-3.6.3-bin\maven_repo\org\slf4j\slf4j-api\1.7.30\slf4j-api-1.7.30.jar;D:\apache-maven-3.6.3-bin\maven_repo\org\springframework\boot\spring-boot-starter-data-rest\2.3.4.RELEASE\spring-boot-starter-data-rest-2.3.4.RELEASE.jar;D:\apache-maven-3.6.3-bin\maven_repo\org\springframework\boot\spring-boot-starter-web\2.3.4.RELEASE\spring-boot-starter-web-2.3.4.RELEASE.jar;D:\apache-maven-3.6.3-bin\maven_repo\org\springframework\boot\spring-boot-starter-json\2.3.4.RELEASE\spring-boot-starter-json-2.3.4.RELEASE.jar;D:\apache-maven-3.6.3-bin\maven_repo\com\fasterxml\jackson\datatype\jackson-datatype-jdk8\2.11.2\jackson-datatype-jdk8-2.11.2.jar;D:\apache-maven-3.6.3-bin\maven_repo\com\fasterxml\jackson\datatype\jackson-datatype-jsr310\2.11.2\jackson-datatype-jsr310-2.11.2.jar;D:\apache-maven-3.6.3-bin\maven_repo\com\fasterxml\jackson\module\jackson-module-parameter-names\2.11.2\jackson-module-parameter-names-2.11.2.jar;D:\apache-maven-3.6.3-bin\maven_repo\org\springframework\boot\spring-boot-starter-tomcat\2.3.4.RELEASE\spring-boot-starter-tomcat-2.3.4.RELEASE.jar;D:\apache-maven-3.6.3-bin\maven_repo\org\apache\tomcat\embed\tomcat-embed-core\9.0.38\tomcat-embed-core-9.0.38.jar;D:\apache-maven-3.6.3-bin\maven_repo\org\glassfish\jakarta.el\3.0.3\jakarta.el-3.0.3.jar;D:\apache-maven-3.6.3-bin\maven_repo\org\apache\tomcat\embed\tomcat-embed-websocket\9.0.38\tomcat-embed-websocket-9.0.38.jar;D:\apache-maven-3.6.3-bin\maven_repo\org\springframework\spring-web\5.2.9.RELEASE\spring-web-5.2.9.RELEASE.jar;D:\apache-maven-3.6.3-bin\maven_repo\org\springframework\spring-webmvc\5.2.9.RELEASE\spring-webmvc-5.2.9.RELEASE.jar;D:\apache-maven-3.6.3-bin\maven_repo\org\springframework\data\spring-data-rest-webmvc\3.3.4.RELEASE\spring-data-rest-webmvc-3.3.4.RELEASE.jar;D:\apache-maven-3.6.3-bin\maven_repo\org\springframework\data\spring-data-rest-core\3.3.4.RELEASE\spring-data-rest-core-3.3.4.RELEASE.jar;D:\apache-maven-3.6.3-bin\maven_repo\org\springframework\hateoas\spring-hateoas\1.1.2.RELEASE\spring-hateoas-1.1.2.RELEASE.jar;D:\apache-maven-3.6.3-bin\maven_repo\org\springframework\plugin\spring-plugin-core\2.0.0.RELEASE\spring-plugin-core-2.0.0.RELEASE.jar;D:\apache-maven-3.6.3-bin\maven_repo\org\atteo\evo-inflector\1.2.2\evo-inflector-1.2.2.jar;D:\apache-maven-3.6.3-bin\maven_repo\org\springframework\boot\spring-boot-starter-test\2.3.4.RELEASE\spring-boot-starter-test-2.3.4.RELEASE.jar;D:\apache-maven-3.6.3-bin\maven_repo\org\springframework\boot\spring-boot-test\2.3.4.RELEASE\spring-boot-test-2.3.4.RELEASE.jar;D:\apache-maven-3.6.3-bin\maven_repo\org\springframework\boot\spring-boot-test-autoconfigure\2.3.4.RELEASE\spring-boot-test-autoconfigure-2.3.4.RELEASE.jar;D:\apache-maven-3.6.3-bin\maven_repo\com\jayway\jsonpath\json-path\2.4.0\json-path-2.4.0.jar;D:\apache-maven-3.6.3-bin\maven_repo\net\minidev\json-smart\2.3\json-smart-2.3.jar;D:\apache-maven-3.6.3-bin\maven_repo\net\minidev\accessors-smart\1.2\accessors-smart-1.2.jar;D:\apache-maven-3.6.3-bin\maven_repo\org\ow2\asm\asm\5.0.4\asm-5.0.4.jar;D:\apache-maven-3.6.3-bin\maven_repo\jakarta\xml\bind\jakarta.xml.bind-api\2.3.3\jakarta.xml.bind-api-2.3.3.jar;D:\apache-maven-3.6.3-bin\maven_repo\jakarta\activation\jakarta.activation-api\1.2.2\jakarta.activation-api-1.2.2.jar;D:\apache-maven-3.6.3-bin\maven_repo\org\assertj\assertj-core\3.16.1\assertj-core-3.16.1.jar;D:\apache-maven-3.6.3-bin\maven_repo\org\hamcrest\hamcrest\2.2\hamcrest-2.2.jar;D:\apache-maven-3.6.3-bin\maven_repo\org\junit\jupiter\junit-jupiter\5.6.2\junit-jupiter-5.6.2.jar;D:\apache-maven-3.6.3-bin\maven_repo\org\junit\jupiter\junit-jupiter-api\5.6.2\junit-jupiter-api-5.6.2.jar;D:\apache-maven-3.6.3-bin\maven_repo\org\apiguardian\apiguardian-api\1.1.0\apiguardian-api-1.1.0.jar;D:\apache-maven-3.6.3-bin\maven_repo\org\opentest4j\opentest4j\1.2.0\opentest4j-1.2.0.jar;D:\apache-maven-3.6.3-bin\maven_repo\org\junit\platform\junit-platform-commons\1.6.2\junit-platform-commons-1.6.2.jar;D:\apache-maven-3.6.3-bin\maven_repo\org\junit\jupiter\junit-jupiter-params\5.6.2\junit-jupiter-params-5.6.2.jar;D:\apache-maven-3.6.3-bin\maven_repo\org\junit\jupiter\junit-jupiter-engine\5.6.2\junit-jupiter-engine-5.6.2.jar;D:\apache-maven-3.6.3-bin\maven_repo\org\junit\platform\junit-platform-engine\1.6.2\junit-platform-engine-1.6.2.jar;D:\apache-maven-3.6.3-bin\maven_repo\org\mockito\mockito-core\3.3.3\mockito-core-3.3.3.jar;D:\apache-maven-3.6.3-bin\maven_repo\net\bytebuddy\byte-buddy\1.10.14\byte-buddy-1.10.14.jar;D:\apache-maven-3.6.3-bin\maven_repo\net\bytebuddy\byte-buddy-agent\1.10.14\byte-buddy-agent-1.10.14.jar;D:\apache-maven-3.6.3-bin\maven_repo\org\objenesis\objenesis\2.6\objenesis-2.6.jar;D:\apache-maven-3.6.3-bin\maven_repo\org\mockito\mockito-junit-jupiter\3.3.3\mockito-junit-jupiter-3.3.3.jar;D:\apache-maven-3.6.3-bin\maven_repo\org\skyscreamer\jsonassert\1.5.0\jsonassert-1.5.0.jar;D:\apache-maven-3.6.3-bin\maven_repo\com\vaadin\external\google\android-json\0.0.20131108.vaadin1\android-json-0.0.20131108.vaadin1.jar;D:\apache-maven-3.6.3-bin\maven_repo\org\springframework\spring-core\5.2.9.RELEASE\spring-core-5.2.9.RELEASE.jar;D:\apache-maven-3.6.3-bin\maven_repo\org\springframework\spring-jcl\5.2.9.RELEASE\spring-jcl-5.2.9.RELEASE.jar;D:\apache-maven-3.6.3-bin\maven_repo\org\springframework\spring-test\5.2.9.RELEASE\spring-test-5.2.9.RELEASE.jar;D:\apache-maven-3.6.3-bin\maven_repo\org\xmlunit\xmlunit-core\2.7.0\xmlunit-core-2.7.0.jar;D:\apache-maven-3.6.3-bin\maven_repo\com\github\terran4j\terran4j-commons-api2doc\1.0.2\terran4j-commons-api2doc-1.0.2.jar;D:\apache-maven-3.6.3-bin\maven_repo\com\vladsch\flexmark\flexmark\0.26.4\flexmark-0.26.4.jar;D:\apache-maven-3.6.3-bin\maven_repo\com\vladsch\flexmark\flexmark-util\0.26.4\flexmark-util-0.26.4.jar;D:\apache-maven-3.6.3-bin\maven_repo\com\vladsch\flexmark\flexmark-ext-tables\0.26.4\flexmark-ext-tables-0.26.4.jar;D:\apache-maven-3.6.3-bin\maven_repo\com\vladsch\flexmark\flexmark-formatter\0.26.4\flexmark-formatter-0.26.4.jar;D:\apache-maven-3.6.3-bin\maven_repo\com\vladsch\flexmark\flexmark-ext-spec-example\0.26.4\flexmark-ext-spec-example-0.26.4.jar;D:\apache-maven-3.6.3-bin\maven_repo\com\vladsch\flexmark\flexmark-test-util\0.26.4\flexmark-test-util-0.26.4.jar;D:\apache-maven-3.6.3-bin\maven_repo\org\springframework\boot\spring-boot-starter-freemarker\2.3.4.RELEASE\spring-boot-starter-freemarker-2.3.4.RELEASE.jar;D:\apache-maven-3.6.3-bin\maven_repo\org\freemarker\freemarker\2.3.30\freemarker-2.3.30.jar;D:\apache-maven-3.6.3-bin\maven_repo\org\springframework\spring-context-support\5.2.9.RELEASE\spring-context-support-5.2.9.RELEASE.jar;D:\apache-maven-3.6.3-bin\maven_repo\com\github\terran4j\terran4j-commons-util\1.0.2\terran4j-commons-util-1.0.2.jar;D:\apache-maven-3.6.3-bin\maven_repo\com\google\guava\guava\21.0\guava-21.0.jar;D:\apache-maven-3.6.3-bin\maven_repo\org\apache\commons\commons-collections4\4.1\commons-collections4-4.1.jar;D:\apache-maven-3.6.3-bin\maven_repo\commons-beanutils\commons-beanutils\1.9.3\commons-beanutils-1.9.3.jar;D:\apache-maven-3.6.3-bin\maven_repo\commons-collections\commons-collections\3.2.2\commons-collections-3.2.2.jar;D:\apache-maven-3.6.3-bin\maven_repo\joda-time\joda-time\2.9.1\joda-time-2.9.1.jar;D:\apache-maven-3.6.3-bin\maven_repo\org\bouncycastle\bcprov-jdk15on\1.56\bcprov-jdk15on-1.56.jar;D:\apache-maven-3.6.3-bin\maven_repo\com\github\terran4j\terran4j-commons-website\1.0.2\terran4j-commons-website-1.0.2.jar;D:\apache-maven-3.6.3-bin\maven_repo\com\github\terran4j\terran4j-commons-restpack\1.0.2\terran4j-commons-restpack-1.0.2.jar;D:\apache-maven-3.6.3-bin\maven_repo\org\aspectj\aspectjweaver\1.9.6\aspectjweaver-1.9.6.jar;D:\apache-maven-3.6.3-bin\maven_repo\com\google\code\gson\gson\2.8.6\gson-2.8.6.jar;D:\apache-maven-3.6.3-bin\maven_repo\com\fasterxml\jackson\core\jackson-core\2.11.2\jackson-core-2.11.2.jar;D:\apache-maven-3.6.3-bin\maven_repo\com\fasterxml\jackson\core\jackson-annotations\2.11.2\jackson-annotations-2.11.2.jar;D:\apache-maven-3.6.3-bin\maven_repo\com\fasterxml\jackson\core\jackson-databind\2.11.2\jackson-databind-2.11.2.jar;D:\apache-maven-3.6.3-bin\maven_repo\com\fasterxml\jackson\module\jackson-module-jsonSchema\2.11.2\jackson-module-jsonSchema-2.11.2.jar;D:\apache-maven-3.6.3-bin\maven_repo\javax\validation\validation-api\2.0.1.Final\validation-api-2.0.1.Final.jar;D:\apache-maven-3.6.3-bin\maven_repo\junit\junit\4.13\junit-4.13.jar;D:\apache-maven-3.6.3-bin\maven_repo\org\hamcrest\hamcrest-core\2.2\hamcrest-core-2.2.jar;"/>
    <property name="java.vm.vendor" value="Oracle Corporation"/>
    <property name="sun.arch.data.model" value="64"/>
    <property name="user.variant" value=""/>
    <property name="java.vendor.url" value="http://java.oracle.com/"/>
    <property name="user.timezone" value="Asia/Shanghai"/>
    <property name="java.vm.specification.version" value="1.8"/>
    <property name="os.name" value="Windows 10"/>
    <property name="user.country" value="CN"/>
    <property name="sun.java.launcher" value="SUN_STANDARD"/>
    <property name="sun.boot.library.path" value="C:\Program Files\Java\jdk1.8.0_241\jre\bin"/>
    <property name="sun.java.command" value="C:\Users\XPS\AppData\Local\Temp\surefire3388296444634143913\surefirebooter232156823458580503.jar C:\Users\XPS\AppData\Local\Temp\surefire3388296444634143913 2020-11-18T20-12-15_032-jvmRun1 surefire5273958626406957499tmp surefire_07732470034675839718tmp"/>
    <property name="surefire.test.class.path" value="F:\project\huiyou_backend\demo\target\test-classes;F:\project\huiyou_backend\demo\target\classes;D:\apache-maven-3.6.3-bin\maven_repo\org\springframework\boot\spring-boot-starter-data-mongodb\2.3.4.RELEASE\spring-boot-starter-data-mongodb-2.3.4.RELEASE.jar;D:\apache-maven-3.6.3-bin\maven_repo\org\springframework\boot\spring-boot-starter\2.3.4.RELEASE\spring-boot-starter-2.3.4.RELEASE.jar;D:\apache-maven-3.6.3-bin\maven_repo\org\springframework\boot\spring-boot\2.3.4.RELEASE\spring-boot-2.3.4.RELEASE.jar;D:\apache-maven-3.6.3-bin\maven_repo\org\springframework\boot\spring-boot-autoconfigure\2.3.4.RELEASE\spring-boot-autoconfigure-2.3.4.RELEASE.jar;D:\apache-maven-3.6.3-bin\maven_repo\org\springframework\boot\spring-boot-starter-logging\2.3.4.RELEASE\spring-boot-starter-logging-2.3.4.RELEASE.jar;D:\apache-maven-3.6.3-bin\maven_repo\ch\qos\logback\logback-classic\1.2.3\logback-classic-1.2.3.jar;D:\apache-maven-3.6.3-bin\maven_repo\ch\qos\logback\logback-core\1.2.3\logback-core-1.2.3.jar;D:\apache-maven-3.6.3-bin\maven_repo\org\apache\logging\log4j\log4j-to-slf4j\2.13.3\log4j-to-slf4j-2.13.3.jar;D:\apache-maven-3.6.3-bin\maven_repo\org\apache\logging\log4j\log4j-api\2.13.3\log4j-api-2.13.3.jar;D:\apache-maven-3.6.3-bin\maven_repo\org\slf4j\jul-to-slf4j\1.7.30\jul-to-slf4j-1.7.30.jar;D:\apache-maven-3.6.3-bin\maven_repo\jakarta\annotation\jakarta.annotation-api\1.3.5\jakarta.annotation-api-1.3.5.jar;D:\apache-maven-3.6.3-bin\maven_repo\org\yaml\snakeyaml\1.26\snakeyaml-1.26.jar;D:\apache-maven-3.6.3-bin\maven_repo\org\mongodb\mongodb-driver-sync\4.0.5\mongodb-driver-sync-4.0.5.jar;D:\apache-maven-3.6.3-bin\maven_repo\org\mongodb\bson\4.0.5\bson-4.0.5.jar;D:\apache-maven-3.6.3-bin\maven_repo\org\mongodb\mongodb-driver-core\4.0.5\mongodb-driver-core-4.0.5.jar;D:\apache-maven-3.6.3-bin\maven_repo\org\springframework\data\spring-data-mongodb\3.0.4.RELEASE\spring-data-mongodb-3.0.4.RELEASE.jar;D:\apache-maven-3.6.3-bin\maven_repo\org\springframework\spring-tx\5.2.9.RELEASE\spring-tx-5.2.9.RELEASE.jar;D:\apache-maven-3.6.3-bin\maven_repo\org\springframework\spring-context\5.2.9.RELEASE\spring-context-5.2.9.RELEASE.jar;D:\apache-maven-3.6.3-bin\maven_repo\org\springframework\spring-aop\5.2.9.RELEASE\spring-aop-5.2.9.RELEASE.jar;D:\apache-maven-3.6.3-bin\maven_repo\org\springframework\spring-beans\5.2.9.RELEASE\spring-beans-5.2.9.RELEASE.jar;D:\apache-maven-3.6.3-bin\maven_repo\org\springframework\spring-expression\5.2.9.RELEASE\spring-expression-5.2.9.RELEASE.jar;D:\apache-maven-3.6.3-bin\maven_repo\org\springframework\data\spring-data-commons\2.3.4.RELEASE\spring-data-commons-2.3.4.RELEASE.jar;D:\apache-maven-3.6.3-bin\maven_repo\org\slf4j\slf4j-api\1.7.30\slf4j-api-1.7.30.jar;D:\apache-maven-3.6.3-bin\maven_repo\org\springframework\boot\spring-boot-starter-data-rest\2.3.4.RELEASE\spring-boot-starter-data-rest-2.3.4.RELEASE.jar;D:\apache-maven-3.6.3-bin\maven_repo\org\springframework\boot\spring-boot-starter-web\2.3.4.RELEASE\spring-boot-starter-web-2.3.4.RELEASE.jar;D:\apache-maven-3.6.3-bin\maven_repo\org\springframework\boot\spring-boot-starter-json\2.3.4.RELEASE\spring-boot-starter-json-2.3.4.RELEASE.jar;D:\apache-maven-3.6.3-bin\maven_repo\com\fasterxml\jackson\datatype\jackson-datatype-jdk8\2.11.2\jackson-datatype-jdk8-2.11.2.jar;D:\apache-maven-3.6.3-bin\maven_repo\com\fasterxml\jackson\datatype\jackson-datatype-jsr310\2.11.2\jackson-datatype-jsr310-2.11.2.jar;D:\apache-maven-3.6.3-bin\maven_repo\com\fasterxml\jackson\module\jackson-module-parameter-names\2.11.2\jackson-module-parameter-names-2.11.2.jar;D:\apache-maven-3.6.3-bin\maven_repo\org\springframework\boot\spring-boot-starter-tomcat\2.3.4.RELEASE\spring-boot-starter-tomcat-2.3.4.RELEASE.jar;D:\apache-maven-3.6.3-bin\maven_repo\org\apache\tomcat\embed\tomcat-embed-core\9.0.38\tomcat-embed-core-9.0.38.jar;D:\apache-maven-3.6.3-bin\maven_repo\org\glassfish\jakarta.el\3.0.3\jakarta.el-3.0.3.jar;D:\apache-maven-3.6.3-bin\maven_repo\org\apache\tomcat\embed\tomcat-embed-websocket\9.0.38\tomcat-embed-websocket-9.0.38.jar;D:\apache-maven-3.6.3-bin\maven_repo\org\springframework\spring-web\5.2.9.RELEASE\spring-web-5.2.9.RELEASE.jar;D:\apache-maven-3.6.3-bin\maven_repo\org\springframework\spring-webmvc\5.2.9.RELEASE\spring-webmvc-5.2.9.RELEASE.jar;D:\apache-maven-3.6.3-bin\maven_repo\org\springframework\data\spring-data-rest-webmvc\3.3.4.RELEASE\spring-data-rest-webmvc-3.3.4.RELEASE.jar;D:\apache-maven-3.6.3-bin\maven_repo\org\springframework\data\spring-data-rest-core\3.3.4.RELEASE\spring-data-rest-core-3.3.4.RELEASE.jar;D:\apache-maven-3.6.3-bin\maven_repo\org\springframework\hateoas\spring-hateoas\1.1.2.RELEASE\spring-hateoas-1.1.2.RELEASE.jar;D:\apache-maven-3.6.3-bin\maven_repo\org\springframework\plugin\spring-plugin-core\2.0.0.RELEASE\spring-plugin-core-2.0.0.RELEASE.jar;D:\apache-maven-3.6.3-bin\maven_repo\org\atteo\evo-inflector\1.2.2\evo-inflector-1.2.2.jar;D:\apache-maven-3.6.3-bin\maven_repo\org\springframework\boot\spring-boot-starter-test\2.3.4.RELEASE\spring-boot-starter-test-2.3.4.RELEASE.jar;D:\apache-maven-3.6.3-bin\maven_repo\org\springframework\boot\spring-boot-test\2.3.4.RELEASE\spring-boot-test-2.3.4.RELEASE.jar;D:\apache-maven-3.6.3-bin\maven_repo\org\springframework\boot\spring-boot-test-autoconfigure\2.3.4.RELEASE\spring-boot-test-autoconfigure-2.3.4.RELEASE.jar;D:\apache-maven-3.6.3-bin\maven_repo\com\jayway\jsonpath\json-path\2.4.0\json-path-2.4.0.jar;D:\apache-maven-3.6.3-bin\maven_repo\net\minidev\json-smart\2.3\json-smart-2.3.jar;D:\apache-maven-3.6.3-bin\maven_repo\net\minidev\accessors-smart\1.2\accessors-smart-1.2.jar;D:\apache-maven-3.6.3-bin\maven_repo\org\ow2\asm\asm\5.0.4\asm-5.0.4.jar;D:\apache-maven-3.6.3-bin\maven_repo\jakarta\xml\bind\jakarta.xml.bind-api\2.3.3\jakarta.xml.bind-api-2.3.3.jar;D:\apache-maven-3.6.3-bin\maven_repo\jakarta\activation\jakarta.activation-api\1.2.2\jakarta.activation-api-1.2.2.jar;D:\apache-maven-3.6.3-bin\maven_repo\org\assertj\assertj-core\3.16.1\assertj-core-3.16.1.jar;D:\apache-maven-3.6.3-bin\maven_repo\org\hamcrest\hamcrest\2.2\hamcrest-2.2.jar;D:\apache-maven-3.6.3-bin\maven_repo\org\junit\jupiter\junit-jupiter\5.6.2\junit-jupiter-5.6.2.jar;D:\apache-maven-3.6.3-bin\maven_repo\org\junit\jupiter\junit-jupiter-api\5.6.2\junit-jupiter-api-5.6.2.jar;D:\apache-maven-3.6.3-bin\maven_repo\org\apiguardian\apiguardian-api\1.1.0\apiguardian-api-1.1.0.jar;D:\apache-maven-3.6.3-bin\maven_repo\org\opentest4j\opentest4j\1.2.0\opentest4j-1.2.0.jar;D:\apache-maven-3.6.3-bin\maven_repo\org\junit\platform\junit-platform-commons\1.6.2\junit-platform-commons-1.6.2.jar;D:\apache-maven-3.6.3-bin\maven_repo\org\junit\jupiter\junit-jupiter-params\5.6.2\junit-jupiter-params-5.6.2.jar;D:\apache-maven-3.6.3-bin\maven_repo\org\junit\jupiter\junit-jupiter-engine\5.6.2\junit-jupiter-engine-5.6.2.jar;D:\apache-maven-3.6.3-bin\maven_repo\org\junit\platform\junit-platform-engine\1.6.2\junit-platform-engine-1.6.2.jar;D:\apache-maven-3.6.3-bin\maven_repo\org\mockito\mockito-core\3.3.3\mockito-core-3.3.3.jar;D:\apache-maven-3.6.3-bin\maven_repo\net\bytebuddy\byte-buddy\1.10.14\byte-buddy-1.10.14.jar;D:\apache-maven-3.6.3-bin\maven_repo\net\bytebuddy\byte-buddy-agent\1.10.14\byte-buddy-agent-1.10.14.jar;D:\apache-maven-3.6.3-bin\maven_repo\org\objenesis\objenesis\2.6\objenesis-2.6.jar;D:\apache-maven-3.6.3-bin\maven_repo\org\mockito\mockito-junit-jupiter\3.3.3\mockito-junit-jupiter-3.3.3.jar;D:\apache-maven-3.6.3-bin\maven_repo\org\skyscreamer\jsonassert\1.5.0\jsonassert-1.5.0.jar;D:\apache-maven-3.6.3-bin\maven_repo\com\vaadin\external\google\android-json\0.0.20131108.vaadin1\android-json-0.0.20131108.vaadin1.jar;D:\apache-maven-3.6.3-bin\maven_repo\org\springframework\spring-core\5.2.9.RELEASE\spring-core-5.2.9.RELEASE.jar;D:\apache-maven-3.6.3-bin\maven_repo\org\springframework\spring-jcl\5.2.9.RELEASE\spring-jcl-5.2.9.RELEASE.jar;D:\apache-maven-3.6.3-bin\maven_repo\org\springframework\spring-test\5.2.9.RELEASE\spring-test-5.2.9.RELEASE.jar;D:\apache-maven-3.6.3-bin\maven_repo\org\xmlunit\xmlunit-core\2.7.0\xmlunit-core-2.7.0.jar;D:\apache-maven-3.6.3-bin\maven_repo\com\github\terran4j\terran4j-commons-api2doc\1.0.2\terran4j-commons-api2doc-1.0.2.jar;D:\apache-maven-3.6.3-bin\maven_repo\com\vladsch\flexmark\flexmark\0.26.4\flexmark-0.26.4.jar;D:\apache-maven-3.6.3-bin\maven_repo\com\vladsch\flexmark\flexmark-util\0.26.4\flexmark-util-0.26.4.jar;D:\apache-maven-3.6.3-bin\maven_repo\com\vladsch\flexmark\flexmark-ext-tables\0.26.4\flexmark-ext-tables-0.26.4.jar;D:\apache-maven-3.6.3-bin\maven_repo\com\vladsch\flexmark\flexmark-formatter\0.26.4\flexmark-formatter-0.26.4.jar;D:\apache-maven-3.6.3-bin\maven_repo\com\vladsch\flexmark\flexmark-ext-spec-example\0.26.4\flexmark-ext-spec-example-0.26.4.jar;D:\apache-maven-3.6.3-bin\maven_repo\com\vladsch\flexmark\flexmark-test-util\0.26.4\flexmark-test-util-0.26.4.jar;D:\apache-maven-3.6.3-bin\maven_repo\org\springframework\boot\spring-boot-starter-freemarker\2.3.4.RELEASE\spring-boot-starter-freemarker-2.3.4.RELEASE.jar;D:\apache-maven-3.6.3-bin\maven_repo\org\freemarker\freemarker\2.3.30\freemarker-2.3.30.jar;D:\apache-maven-3.6.3-bin\maven_repo\org\springframework\spring-context-support\5.2.9.RELEASE\spring-context-support-5.2.9.RELEASE.jar;D:\apache-maven-3.6.3-bin\maven_repo\com\github\terran4j\terran4j-commons-util\1.0.2\terran4j-commons-util-1.0.2.jar;D:\apache-maven-3.6.3-bin\maven_repo\com\google\guava\guava\21.0\guava-21.0.jar;D:\apache-maven-3.6.3-bin\maven_repo\org\apache\commons\commons-collections4\4.1\commons-collections4-4.1.jar;D:\apache-maven-3.6.3-bin\maven_repo\commons-beanutils\commons-beanutils\1.9.3\commons-beanutils-1.9.3.jar;D:\apache-maven-3.6.3-bin\maven_repo\commons-collections\commons-collections\3.2.2\commons-collections-3.2.2.jar;D:\apache-maven-3.6.3-bin\maven_repo\joda-time\joda-time\2.9.1\joda-time-2.9.1.jar;D:\apache-maven-3.6.3-bin\maven_repo\org\bouncycastle\bcprov-jdk15on\1.56\bcprov-jdk15on-1.56.jar;D:\apache-maven-3.6.3-bin\maven_repo\com\github\terran4j\terran4j-commons-website\1.0.2\terran4j-commons-website-1.0.2.jar;D:\apache-maven-3.6.3-bin\maven_repo\com\github\terran4j\terran4j-commons-restpack\1.0.2\terran4j-commons-restpack-1.0.2.jar;D:\apache-maven-3.6.3-bin\maven_repo\org\aspectj\aspectjweaver\1.9.6\aspectjweaver-1.9.6.jar;D:\apache-maven-3.6.3-bin\maven_repo\com\google\code\gson\gson\2.8.6\gson-2.8.6.jar;D:\apache-maven-3.6.3-bin\maven_repo\com\fasterxml\jackson\core\jackson-core\2.11.2\jackson-core-2.11.2.jar;D:\apache-maven-3.6.3-bin\maven_repo\com\fasterxml\jackson\core\jackson-annotations\2.11.2\jackson-annotations-2.11.2.jar;D:\apache-maven-3.6.3-bin\maven_repo\com\fasterxml\jackson\core\jackson-databind\2.11.2\jackson-databind-2.11.2.jar;D:\apache-maven-3.6.3-bin\maven_repo\com\fasterxml\jackson\module\jackson-module-jsonSchema\2.11.2\jackson-module-jsonSchema-2.11.2.jar;D:\apache-maven-3.6.3-bin\maven_repo\javax\validation\validation-api\2.0.1.Final\validation-api-2.0.1.Final.jar;D:\apache-maven-3.6.3-bin\maven_repo\junit\junit\4.13\junit-4.13.jar;D:\apache-maven-3.6.3-bin\maven_repo\org\hamcrest\hamcrest-core\2.2\hamcrest-core-2.2.jar;"/>
    <property name="sun.cpu.endian" value="little"/>
    <property name="user.home" value="C:\Users\XPS"/>
    <property name="user.language" value="zh"/>
    <property name="java.specification.vendor" value="Oracle Corporation"/>
    <property name="java.home" value="C:\Program Files\Java\jdk1.8.0_241\jre"/>
    <property name="basedir" value="F:\project\huiyou_backend\demo"/>
    <property name="file.separator" value="\"/>
    <property name="line.separator" value="&#10;"/>
    <property name="java.vm.specification.vendor" value="Oracle Corporation"/>
    <property name="java.specification.name" value="Java Platform API Specification"/>
    <property name="java.awt.graphicsenv" value="sun.awt.Win32GraphicsEnvironment"/>
    <property name="surefire.real.class.path" value="C:\Users\XPS\AppData\Local\Temp\surefire3388296444634143913\surefirebooter232156823458580503.jar"/>
    <property name="sun.boot.class.path" value="C:\Program Files\Java\jdk1.8.0_241\jre\lib\resources.jar;C:\Program Files\Java\jdk1.8.0_241\jre\lib\rt.jar;C:\Program Files\Java\jdk1.8.0_241\jre\lib\sunrsasign.jar;C:\Program Files\Java\jdk1.8.0_241\jre\lib\jsse.jar;C:\Program Files\Java\jdk1.8.0_241\jre\lib\jce.jar;C:\Program Files\Java\jdk1.8.0_241\jre\lib\charsets.jar;C:\Program Files\Java\jdk1.8.0_241\jre\lib\jfr.jar;C:\Program Files\Java\jdk1.8.0_241\jre\classes"/>
    <property name="user.script" value=""/>
    <property name="sun.management.compiler" value="HotSpot 64-Bit Tiered Compilers"/>
    <property name="java.runtime.version" value="1.8.0_241-b07"/>
    <property name="user.name" value="XPS"/>
    <property name="path.separator" value=";"/>
    <property name="os.version" value="10.0"/>
    <property name="java.endorsed.dirs" value="C:\Program Files\Java\jdk1.8.0_241\jre\lib\endorsed"/>
    <property name="java.runtime.name" value="Java(TM) SE Runtime Environment"/>
    <property name="file.encoding" value="GBK"/>
    <property name="java.vm.name" value="Java HotSpot(TM) 64-Bit Server VM"/>
    <property name="localRepository" value="D:\apache-maven-3.6.3-bin\maven_repo"/>
    <property name="java.vendor.url.bug" value="http://bugreport.sun.com/bugreport/"/>
    <property name="java.io.tmpdir" value="C:\Users\XPS\AppData\Local\Temp\"/>
    <property name="java.version" value="1.8.0_241"/>
    <property name="user.dir" value="F:\project\huiyou_backend\demo"/>
    <property name="os.arch" value="amd64"/>
    <property name="java.vm.specification.name" value="Java Virtual Machine Specification"/>
    <property name="java.awt.printerjob" value="sun.awt.windows.WPrinterJob"/>
    <property name="sun.os.patch.level" value=""/>
    <property name="java.library.path" value="C:\Program Files\Java\jdk1.8.0_241\jre\bin;C:\WINDOWS\Sun\Java\bin;C:\WINDOWS\system32;C:\WINDOWS;C:\Program Files (x86)\Common Files\Oracle\Java\javapath;D:\anaconda\Library\bin;C:\Program Files\nodejs;C:\Program Files\Java\jdk1.8.0_241\bin;C:\Program Files\Java\jdk1.8.0_241\jre\bin;&quot;;C:\Windows\system32;C:\Windows;C:\Windows\System32\Wbem;C:\Windows\System32\WindowsPowerShell\v1.0\;C:\Windows\System32\OpenSSH\;C:\Program Files\NVIDIA Corporation\NVIDIA NvDLISR;C:\Program Files (x86)\NVIDIA Corporation\PhysX\Common;C:\WINDOWS\system32;C:\WINDOWS;C:\WINDOWS\System32\Wbem;C:\WINDOWS\System32\WindowsPowerShell\v1.0\;C:\WINDOWS\System32\OpenSSH\;C:\Program Files\dotnet\;&quot;;D:\apache-maven-3.6.3-bin\apache-maven-3.6.3\bin;D:\Git\cmd;C:\Users\XPS\.cargo\bin;D:\anaconda;D:\anaconda\Library\mingw-w64\bin;D:\anaconda\Library\usr\bin;D:\anaconda\Library\bin;D:\anaconda\Scripts;C:\Users\XPS\AppData\Local\Microsoft\WindowsApps;D:\Microsoft VS Code\bin;D:\Bandizip\;D:\PyCharm 2019.3.3\bin;D:\IntelliJ IDEA Community Edition 2019.3.3\bin;C:\Users\XPS\AppData\Local\GitHubDesktop\bin;C:\Program Files\Java\jdk1.8.0_241\bin;C:\Program Files\Java\jdk1.8.0_241\jre\bin;C:\Users\XPS\AppData\Roaming\npm;C:\Program Files\nodejs;;."/>
    <property name="java.vm.info" value="mixed mode"/>
    <property name="java.vendor" value="Oracle Corporation"/>
    <property name="java.vm.version" value="25.241-b07"/>
    <property name="java.ext.dirs" value="C:\Program Files\Java\jdk1.8.0_241\jre\lib\ext;C:\WINDOWS\Sun\Java\lib\ext"/>
    <property name="sun.io.unicode.encoding" value="UnicodeLittle"/>
    <property name="java.class.version" value="52.0"/>
  </properties>
  <testcase name="contextLoads" classname="xyz.zwhzwhzwh.demo.DemoApplicationTests" time="0.162"/>
</testsuite>